android/app/build/intermediates/manifest_merge_blame_file/debug/manifest-merger-blame-debug-report.txt
1<?xml version="1.0" encoding="utf-8"?>
2<manifest xmlns:android="http://schemas.android.com/apk/res/android"
3    package="io.ionic.starter"
4    android:versionCode="1"
5    android:versionName="1.0" >
6
7    <uses-sdk
8        android:minSdkVersion="22"
8-->src\main\AndroidManifest.xml
9        android:targetSdkVersion="33" />
9-->src\main\AndroidManifest.xml
10
11    <uses-permission android:name="android.permission.INTERNET" />
11-->src\main\AndroidManifest.xml:14:5-67
11-->src\main\AndroidManifest.xml:14:22-64
12    <uses-permission android:name="android.permission.ACCESS_NETWORK_STATE" />
12-->src\main\AndroidManifest.xml:15:5-79
12-->src\main\AndroidManifest.xml:15:22-76
13    <uses-permission android:name="android.permission.ACCESS_FINE_LOCATION" />
13-->src\main\AndroidManifest.xml:16:5-79
13-->src\main\AndroidManifest.xml:16:22-76
14    <uses-permission android:name="android.permission.ACCESS_COARSE_LOCATION" />
14-->src\main\AndroidManifest.xml:17:5-81
14-->src\main\AndroidManifest.xml:17:22-78
15    <uses-permission android:name="android.permission.SCHEDULE_EXACT_ALARM" />
15-->src\main\AndroidManifest.xml:18:5-79
15-->src\main\AndroidManifest.xml:18:22-76
16    <uses-permission android:name="android.permission.USE_EXACT_ALARM" />
16-->src\main\AndroidManifest.xml:19:5-74
16-->src\main\AndroidManifest.xml:19:22-71
17    <uses-permission android:name="android.permission.VIBRATE" />
17-->[:capacitor-haptics] AndroidManifest.xml:7:5-66
17-->[:capacitor-haptics] AndroidManifest.xml:7:22-63
18    <uses-permission android:name="android.permission.RECEIVE_BOOT_COMPLETED" />
18-->[:capacitor-local-notifications] AndroidManifest.xml:7:5-81
18-->[:capacitor-local-notifications] AndroidManifest.xml:7:22-78
19    <uses-permission android:name="android.permission.WAKE_LOCK" />
19-->[:capacitor-local-notifications] AndroidManifest.xml:8:5-68
19-->[:capacitor-local-notifications] AndroidManifest.xml:8:22-65
20    <uses-permission android:name="android.permission.POST_NOTIFICATIONS" />
20-->[:capacitor-local-notifications] AndroidManifest.xml:9:5-77
20-->[:capacitor-local-notifications] AndroidManifest.xml:9:22-74
21
22    <permission
22-->[androidx.core:core:1.10.0] AndroidManifest.xml:22:5-24:47
23        android:name="io.ionic.starter.DYNAMIC_RECEIVER_NOT_EXPORTED_PERMISSION"
23-->[androidx.core:core:1.10.0] AndroidManifest.xml:23:9-81
24        android:protectionLevel="signature" />
24-->[androidx.core:core:1.10.0] AndroidManifest.xml:24:9-44
25
26    <uses-permission android:name="io.ionic.starter.DYNAMIC_RECEIVER_NOT_EXPORTED_PERMISSION" />
26-->[androidx.core:core:1.10.0] AndroidManifest.xml:26:5-97
26-->[androidx.core:core:1.10.0] AndroidManifest.xml:26:22-94
27
28    <application
28-->src\main\AndroidManifest.xml:3:5-13:19
29        android:allowBackup="true"
29-->src\main\AndroidManifest.xml:3:18-44
30        android:appComponentFactory="androidx.core.app.CoreComponentFactory"
30-->[androidx.core:core:1.10.0] AndroidManifest.xml:28:18-86
31        android:debuggable="true"
32        android:icon="@mipmap/ic_launcher"
32-->src\main\AndroidManifest.xml:3:45-79
33        android:label="@string/app_name"
33-->src\main\AndroidManifest.xml:3:80-112
34        android:roundIcon="@mipmap/ic_launcher_round"
34-->src\main\AndroidManifest.xml:3:113-158
35        android:supportsRtl="true"
35-->src\main\AndroidManifest.xml:3:159-185
36        android:theme="@style/AppTheme"
36-->src\main\AndroidManifest.xml:3:186-217
37        android:usesCleartextTraffic="true" >
37-->src\main\AndroidManifest.xml:3:218-253
38        <activity
38-->src\main\AndroidManifest.xml:4:9-9:20
39            android:name="io.ionic.starter.MainActivity"
39-->src\main\AndroidManifest.xml:4:236-264
40            android:configChanges="orientation|keyboardHidden|keyboard|screenSize|locale|smallestScreenSize|screenLayout|uiMode"
40-->src\main\AndroidManifest.xml:4:19-135
41            android:exported="true"
41-->src\main\AndroidManifest.xml:4:136-159
42            android:label="@string/title_activity_main"
42-->src\main\AndroidManifest.xml:4:160-203
43            android:launchMode="singleTask"
43-->src\main\AndroidManifest.xml:4:204-235
44            android:theme="@style/AppTheme.NoActionBarLaunch" >
44-->src\main\AndroidManifest.xml:4:265-314
45            <intent-filter>
45-->src\main\AndroidManifest.xml:5:13-8:29
46                <action android:name="android.intent.action.MAIN" />
46-->src\main\AndroidManifest.xml:6:17-69
46-->src\main\AndroidManifest.xml:6:25-66
47
48                <category android:name="android.intent.category.LAUNCHER" />
48-->src\main\AndroidManifest.xml:7:17-77
48-->src\main\AndroidManifest.xml:7:27-74
49            </intent-filter>
50        </activity>
51
52        <provider
53            android:name="androidx.core.content.FileProvider"
53-->src\main\AndroidManifest.xml:10:131-180
54            android:authorities="io.ionic.starter.fileprovider"
54-->src\main\AndroidManifest.xml:10:19-70
55            android:exported="false"
55-->src\main\AndroidManifest.xml:10:71-95
56            android:grantUriPermissions="true" >
56-->src\main\AndroidManifest.xml:10:96-130
57            <meta-data
57-->src\main\AndroidManifest.xml:11:13-112
58                android:name="android.support.FILE_PROVIDER_PATHS"
58-->src\main\AndroidManifest.xml:11:24-74
59                android:resource="@xml/file_paths" />
59-->src\main\AndroidManifest.xml:11:75-109
60        </provider>
61
62        <receiver android:name="com.capacitorjs.plugins.localnotifications.TimedNotificationPublisher" />
62-->[:capacitor-local-notifications] AndroidManifest.xml:12:9-106
62-->[:capacitor-local-notifications] AndroidManifest.xml:12:19-103
63        <receiver android:name="com.capacitorjs.plugins.localnotifications.NotificationDismissReceiver" />
63-->[:capacitor-local-notifications] AndroidManifest.xml:13:9-107
63-->[:capacitor-local-notifications] AndroidManifest.xml:13:19-104
64        <receiver
64-->[:capacitor-local-notifications] AndroidManifest.xml:14:9-23:20
65            android:name="com.capacitorjs.plugins.localnotifications.LocalNotificationRestoreReceiver"
65-->[:capacitor-local-notifications] AndroidManifest.xml:15:13-103
66            android:directBootAware="true"
66-->[:capacitor-local-notifications] AndroidManifest.xml:16:13-43
67            android:exported="false" >
67-->[:capacitor-local-notifications] AndroidManifest.xml:17:13-37
68            <intent-filter>
68-->[:capacitor-local-notifications] AndroidManifest.xml:18:13-22:29
69                <action android:name="android.intent.action.LOCKED_BOOT_COMPLETED" />
69-->[:capacitor-local-notifications] AndroidManifest.xml:19:17-86
69-->[:capacitor-local-notifications] AndroidManifest.xml:19:25-83
70                <action android:name="android.intent.action.BOOT_COMPLETED" />
70-->[:capacitor-local-notifications] AndroidManifest.xml:20:17-79
70-->[:capacitor-local-notifications] AndroidManifest.xml:20:25-76
71                <action android:name="android.intent.action.QUICKBOOT_POWERON" />
71-->[:capacitor-local-notifications] AndroidManifest.xml:21:17-82
71-->[:capacitor-local-notifications] AndroidManifest.xml:21:25-79
72            </intent-filter>
73        </receiver>
74
75        <activity
75-->[com.google.android.gms:play-services-base:18.1.0] AndroidManifest.xml:20:9-22:45
76            android:name="com.google.android.gms.common.api.GoogleApiActivity"
76-->[com.google.android.gms:play-services-base:18.1.0] AndroidManifest.xml:20:19-85
77            android:exported="false"
77-->[com.google.android.gms:play-services-base:18.1.0] AndroidManifest.xml:22:19-43
78            android:theme="@android:style/Theme.Translucent.NoTitleBar" />
78-->[com.google.android.gms:play-services-base:18.1.0] AndroidManifest.xml:21:19-78
79
80        <meta-data
80-->[com.google.android.gms:play-services-basement:18.1.0] AndroidManifest.xml:21:9-23:69
81            android:name="com.google.android.gms.version"
81-->[com.google.android.gms:play-services-basement:18.1.0] AndroidManifest.xml:22:13-58
82            android:value="@integer/google_play_services_version" />
82-->[com.google.android.gms:play-services-basement:18.1.0] AndroidManifest.xml:23:13-66
83
84        <provider
84-->[androidx.emoji2:emoji2:1.2.0] AndroidManifest.xml:24:9-32:20
85            android:name="androidx.startup.InitializationProvider"
85-->[androidx.emoji2:emoji2:1.2.0] AndroidManifest.xml:25:13-67
86            android:authorities="io.ionic.starter.androidx-startup"
86-->[androidx.emoji2:emoji2:1.2.0] AndroidManifest.xml:26:13-68
87            android:exported="false" >
87-->[androidx.emoji2:emoji2:1.2.0] AndroidManifest.xml:27:13-37
88            <meta-data
88-->[androidx.emoji2:emoji2:1.2.0] AndroidManifest.xml:29:13-31:52
89                android:name="androidx.emoji2.text.EmojiCompatInitializer"
89-->[androidx.emoji2:emoji2:1.2.0] AndroidManifest.xml:30:17-75
90                android:value="androidx.startup" />
90-->[androidx.emoji2:emoji2:1.2.0] AndroidManifest.xml:31:17-49
91            <meta-data
91-->[androidx.lifecycle:lifecycle-process:2.6.1] AndroidManifest.xml:29:13-31:52
92                android:name="androidx.lifecycle.ProcessLifecycleInitializer"
92-->[androidx.lifecycle:lifecycle-process:2.6.1] AndroidManifest.xml:30:17-78
93                android:value="androidx.startup" />
93-->[androidx.lifecycle:lifecycle-process:2.6.1] AndroidManifest.xml:31:17-49
94            <meta-data
94-->[androidx.profileinstaller:profileinstaller:1.3.0] AndroidManifest.xml:29:13-31:52
95                android:name="androidx.profileinstaller.ProfileInstallerInitializer"
95-->[androidx.profileinstaller:profileinstaller:1.3.0] AndroidManifest.xml:30:17-85
96                android:value="androidx.startup" />
96-->[androidx.profileinstaller:profileinstaller:1.3.0] AndroidManifest.xml:31:17-49
97        </provider>
98
99        <receiver
99-->[androidx.profileinstaller:profileinstaller:1.3.0] AndroidManifest.xml:34:9-52:20
100            android:name="androidx.profileinstaller.ProfileInstallReceiver"
100-->[androidx.profileinstaller:profileinstaller:1.3.0] AndroidManifest.xml:35:13-76
101            android:directBootAware="false"
101-->[androidx.profileinstaller:profileinstaller:1.3.0] AndroidManifest.xml:36:13-44
102            android:enabled="true"
102-->[androidx.profileinstaller:profileinstaller:1.3.0] AndroidManifest.xml:37:13-35
103            android:exported="true"
103-->[androidx.profileinstaller:profileinstaller:1.3.0] AndroidManifest.xml:38:13-36
104            android:permission="android.permission.DUMP" >
104-->[androidx.profileinstaller:profileinstaller:1.3.0] AndroidManifest.xml:39:13-57
105            <intent-filter>
105-->[androidx.profileinstaller:profileinstaller:1.3.0] AndroidManifest.xml:40:13-42:29
106                <action android:name="androidx.profileinstaller.action.INSTALL_PROFILE" />
106-->[androidx.profileinstaller:profileinstaller:1.3.0] AndroidManifest.xml:41:17-91
106-->[androidx.profileinstaller:profileinstaller:1.3.0] AndroidManifest.xml:41:25-88
107            </intent-filter>
108            <intent-filter>
108-->[androidx.profileinstaller:profileinstaller:1.3.0] AndroidManifest.xml:43:13-45:29
109                <action android:name="androidx.profileinstaller.action.SKIP_FILE" />
109-->[androidx.profileinstaller:profileinstaller:1.3.0] AndroidManifest.xml:44:17-85
109-->[androidx.profileinstaller:profileinstaller:1.3.0] AndroidManifest.xml:44:25-82
110            </intent-filter>
111            <intent-filter>
111-->[androidx.profileinstaller:profileinstaller:1.3.0] AndroidManifest.xml:46:13-48:29
112                <action android:name="androidx.profileinstaller.action.SAVE_PROFILE" />
112-->[androidx.profileinstaller:profileinstaller:1.3.0] AndroidManifest.xml:47:17-88
112-->[androidx.profileinstaller:profileinstaller:1.3.0] AndroidManifest.xml:47:25-85
113            </intent-filter>
114            <intent-filter>
114-->[androidx.profileinstaller:profileinstaller:1.3.0] AndroidManifest.xml:49:13-51:29
115                <action android:name="androidx.profileinstaller.action.BENCHMARK_OPERATION" />
115-->[androidx.profileinstaller:profileinstaller:1.3.0] AndroidManifest.xml:50:17-95
115-->[androidx.profileinstaller:profileinstaller:1.3.0] AndroidManifest.xml:50:25-92
116            </intent-filter>
117        </receiver>
118    </application>
119
120</manifest>